<?xml version="1.0" encoding="UTF-8"?>
<!-- Generated by org.testng.reporters.JUnitReportReporter -->
<testsuite hostname="RafaelSilva-HP" name="CalculatorTest" tests="4" failures="0" timestamp="28 Oct 2016 08:54:19 GMT" time="0.030" errors="0">
  <testcase name="testAdd" time="0.013" classname="CalculatorTest"/>
  <testcase name="testSubtract" time="0.007" classname="CalculatorTest"/>
  <testcase name="testDivide" time="0.005" classname="CalculatorTest"/>
  <testcase name="testMultiply" time="0.005" classname="CalculatorTest"/>
</testsuite> <!-- CalculatorTest -->
