<?xml version="1.0" encoding="UTF-8"?>
<!-- Generated by org.testng.reporters.JUnitReportReporter -->
<testsuite hostname="RafaelSilva-HP" name="CalculatorTest" tests="7" failures="0" timestamp="28 Oct 2016 13:16:54 GMT" time="0.641" errors="0">
  <testcase name="testAdd3" time="0.138" classname="CalculatorTest"/>
  <testcase name="testMultiply" time="0.001" classname="CalculatorTest"/>
  <testcase name="testAdd4" time="0.088" classname="CalculatorTest"/>
  <testcase name="testAdd" time="0.321" classname="CalculatorTest"/>
  <testcase name="testAdd2" time="0.090" classname="CalculatorTest"/>
  <testcase name="testDivide" time="0.001" classname="CalculatorTest"/>
  <testcase name="testSubtract" time="0.002" classname="CalculatorTest"/>
</testsuite> <!-- CalculatorTest -->
